<?xml version="1.0" encoding="UTF-8"?>
<!-- Generated by org.testng.reporters.JUnitReportReporter -->
<testsuite hostname="DESKTOP-2JKDASI" failures="1" tests="54" name="testCases.HybridExecuteTest" time="111.945" errors="0" timestamp="23 Feb 2021 15:00:49 GMT">
  <testcase classname="testCases.HybridExecuteTest" name="testLogin" time="0.175"/>
  <testcase classname="testCases.HybridExecuteTest" name="testLogin" time="12.835"/>
  <testcase classname="testCases.HybridExecuteTest" name="testLogin" time="0.093"/>
  <testcase classname="testCases.HybridExecuteTest" name="testLogin" time="0.212"/>
  <testcase classname="testCases.HybridExecuteTest" name="testLogin" time="0.303"/>
  <testcase classname="testCases.HybridExecuteTest" name="testLogin" time="0.292"/>
  <testcase classname="testCases.HybridExecuteTest" name="testLogin" time="0.343"/>
  <testcase classname="testCases.HybridExecuteTest" name="testLogin" time="0.371"/>
  <testcase classname="testCases.HybridExecuteTest" name="testLogin" time="0.191"/>
  <testcase classname="testCases.HybridExecuteTest" name="testLogin" time="0.411"/>
  <testcase classname="testCases.HybridExecuteTest" name="testLogin" time="0.900"/>
  <testcase classname="testCases.HybridExecuteTest" name="testLogin" time="0.220"/>
  <testcase classname="testCases.HybridExecuteTest" name="testLogin" time="0.617"/>
  <testcase classname="testCases.HybridExecuteTest" name="testLogin" time="0.786"/>
  <testcase classname="testCases.HybridExecuteTest" name="testLogin" time="0.750"/>
  <testcase classname="testCases.HybridExecuteTest" name="testLogin" time="2.486"/>
  <testcase classname="testCases.HybridExecuteTest" name="testLogin" time="0.243"/>
  <testcase classname="testCases.HybridExecuteTest" name="testLogin" time="0.726"/>
  <testcase classname="testCases.HybridExecuteTest" name="testLogin" time="0.168"/>
  <testcase classname="testCases.HybridExecuteTest" name="testLogin" time="0.823"/>
  <testcase classname="testCases.HybridExecuteTest" name="testLogin" time="0.468"/>
  <testcase classname="testCases.HybridExecuteTest" name="testLogin" time="0.338"/>
  <testcase classname="testCases.HybridExecuteTest" name="testLogin" time="0.117"/>
  <testcase classname="testCases.HybridExecuteTest" name="testLogin" time="0.368"/>
  <testcase classname="testCases.HybridExecuteTest" name="testLogin" time="0.351"/>
  <testcase classname="testCases.HybridExecuteTest" name="testLogin" time="0.356"/>
  <testcase classname="testCases.HybridExecuteTest" name="testLogin" time="0.924"/>
  <testcase classname="testCases.HybridExecuteTest" name="testLogin" time="10.625"/>
  <testcase classname="testCases.HybridExecuteTest" name="testLogin" time="0.107"/>
  <testcase classname="testCases.HybridExecuteTest" name="testLogin" time="0.137"/>
  <testcase classname="testCases.HybridExecuteTest" name="testLogin" time="0.186"/>
  <testcase classname="testCases.HybridExecuteTest" name="testLogin" time="0.691"/>
  <testcase classname="testCases.HybridExecuteTest" name="testLogin" time="0.327"/>
  <testcase classname="testCases.HybridExecuteTest" name="testLogin" time="0.222"/>
  <testcase classname="testCases.HybridExecuteTest" name="testLogin" time="0.632"/>
  <testcase classname="testCases.HybridExecuteTest" name="testLogin" time="0.544"/>
  <testcase classname="testCases.HybridExecuteTest" name="testLogin" time="3.316"/>
  <testcase classname="testCases.HybridExecuteTest" name="testLogin" time="0.355"/>
  <testcase classname="testCases.HybridExecuteTest" name="testLogin" time="0.607"/>
  <testcase classname="testCases.HybridExecuteTest" name="testLogin" time="6.792"/>
  <testcase classname="testCases.HybridExecuteTest" name="testLogin" time="0.221"/>
  <testcase classname="testCases.HybridExecuteTest" name="testLogin" time="0.904"/>
  <testcase classname="testCases.HybridExecuteTest" name="testLogin" time="2.759"/>
  <testcase classname="testCases.HybridExecuteTest" name="testLogin" time="0.573"/>
  <testcase classname="testCases.HybridExecuteTest" name="testLogin" time="9.525"/>
  <testcase classname="testCases.HybridExecuteTest" name="testLogin" time="30.057">
    <failure message="no such element: Unable to locate element: {&quot;method&quot;:&quot;xpath&quot;,&quot;selector&quot;:&quot;//*[@id=&quot;anchor1&quot;]&quot;}
  (Session info: chrome=88.0.4324.182)
  (Driver info: chromedriver=87.0.4280.88 (89e2380a3e36c3464b5dd1302349b1382549290d-refs/branch-heads/4280@{#1761}),platform=Windows NT 10.0.18363 x86_64) (WARNING: The server did not provide any stacktrace information)
Command duration or timeout: 30.04 seconds
For documentation on this error, please visit: http://seleniumhq.org/exceptions/no_such_element.html
Build info: version: &#039;2.45.0&#039;, revision: &#039;5017cb8e7ca8e37638dc3091b2440b90a1d8686f&#039;, time: &#039;2015-02-27 09:10:26&#039;
System info: host: &#039;DESKTOP-2JKDASI&#039;, ip: &#039;192.168.8.103&#039;, os.name: &#039;Windows 10&#039;, os.arch: &#039;amd64&#039;, os.version: &#039;10.0&#039;, java.version: &#039;15.0.1&#039;
Driver info: org.openqa.selenium.chrome.ChromeDriver
Capabilities [{mobileEmulationEnabled=false, timeouts={implicit=0, pageLoad=300000, script=30000}, hasTouchScreen=false, platform=XP, acceptSslCerts=false, goog:chromeOptions={debuggerAddress=localhost:64782}, acceptInsecureCerts=false, webStorageEnabled=true, browserName=chrome, takesScreenshot=true, javascriptEnabled=true, setWindowRect=true, unexpectedAlertBehaviour=ignore, applicationCacheEnabled=false, rotatable=false, networkConnectionEnabled=false, chrome={chromedriverVersion=87.0.4280.88 (89e2380a3e36c3464b5dd1302349b1382549290d-refs/branch-heads/4280@{#1761}), userDataDir=C:\Users\Admin\AppData\Local\Temp\scoped_dir8084_1422187921}, takesHeapSnapshot=true, pageLoadStrategy=normal, strictFileInteractability=false, databaseEnabled=false, handlesAlerts=true, version=88.0.4324.182, browserConnectionEnabled=false, proxy={}, nativeEvents=true, locationContextEnabled=true, cssSelectorsEnabled=true, webauthn:virtualAuthenticators=true}]
Session ID: ba9909e0fd9be0ac7378871dfa0659f1
*** Element info: {Using=xpath, value=//*[@id=&quot;anchor1&quot;]}" type="org.openqa.selenium.NoSuchElementException">
      <![CDATA[org.openqa.selenium.NoSuchElementException: no such element: Unable to locate element: {"method":"xpath","selector":"//*[@id="anchor1"]"}
  (Session info: chrome=88.0.4324.182)
  (Driver info: chromedriver=87.0.4280.88 (89e2380a3e36c3464b5dd1302349b1382549290d-refs/branch-heads/4280@{#1761}),platform=Windows NT 10.0.18363 x86_64) (WARNING: The server did not provide any stacktrace information)
Command duration or timeout: 30.04 seconds
For documentation on this error, please visit: http://seleniumhq.org/exceptions/no_such_element.html
Build info: version: '2.45.0', revision: '5017cb8e7ca8e37638dc3091b2440b90a1d8686f', time: '2015-02-27 09:10:26'
System info: host: 'DESKTOP-2JKDASI', ip: '192.168.8.103', os.name: 'Windows 10', os.arch: 'amd64', os.version: '10.0', java.version: '15.0.1'
Driver info: org.openqa.selenium.chrome.ChromeDriver
Capabilities [{mobileEmulationEnabled=false, timeouts={implicit=0, pageLoad=300000, script=30000}, hasTouchScreen=false, platform=XP, acceptSslCerts=false, goog:chromeOptions={debuggerAddress=localhost:64782}, acceptInsecureCerts=false, webStorageEnabled=true, browserName=chrome, takesScreenshot=true, javascriptEnabled=true, setWindowRect=true, unexpectedAlertBehaviour=ignore, applicationCacheEnabled=false, rotatable=false, networkConnectionEnabled=false, chrome={chromedriverVersion=87.0.4280.88 (89e2380a3e36c3464b5dd1302349b1382549290d-refs/branch-heads/4280@{#1761}), userDataDir=C:\Users\Admin\AppData\Local\Temp\scoped_dir8084_1422187921}, takesHeapSnapshot=true, pageLoadStrategy=normal, strictFileInteractability=false, databaseEnabled=false, handlesAlerts=true, version=88.0.4324.182, browserConnectionEnabled=false, proxy={}, nativeEvents=true, locationContextEnabled=true, cssSelectorsEnabled=true, webauthn:virtualAuthenticators=true}]
Session ID: ba9909e0fd9be0ac7378871dfa0659f1
*** Element info: {Using=xpath, value=//*[@id="anchor1"]}
	at java.base/jdk.internal.reflect.NativeConstructorAccessorImpl.newInstance0(Native Method)
	at java.base/jdk.internal.reflect.NativeConstructorAccessorImpl.newInstance(NativeConstructorAccessorImpl.java:64)
	at java.base/jdk.internal.reflect.DelegatingConstructorAccessorImpl.newInstance(DelegatingConstructorAccessorImpl.java:45)
	at java.base/java.lang.reflect.Constructor.newInstanceWithCaller(Constructor.java:500)
	at java.base/java.lang.reflect.Constructor.newInstance(Constructor.java:481)
	at org.openqa.selenium.remote.ErrorHandler.createThrowable(ErrorHandler.java:204)
	at org.openqa.selenium.remote.ErrorHandler.throwIfResponseFailed(ErrorHandler.java:156)
	at org.openqa.selenium.remote.RemoteWebDriver.execute(RemoteWebDriver.java:599)
	at org.openqa.selenium.remote.RemoteWebDriver.findElement(RemoteWebDriver.java:352)
	at org.openqa.selenium.remote.RemoteWebDriver.findElementByXPath(RemoteWebDriver.java:449)
	at org.openqa.selenium.By$ByXPath.findElement(By.java:357)
	at org.openqa.selenium.remote.RemoteWebDriver.findElement(RemoteWebDriver.java:344)
	at operation.UIOperation.perform(UIOperation.java:88)
	at testCases.HybridExecuteTest.testLogin(HybridExecuteTest.java:35)
	at jdk.internal.reflect.GeneratedMethodAccessor45.invoke(Unknown Source)
	at java.base/jdk.internal.reflect.DelegatingMethodAccessorImpl.invoke(DelegatingMethodAccessorImpl.java:43)
	at java.base/java.lang.reflect.Method.invoke(Method.java:564)
	at org.testng.internal.MethodInvocationHelper.invokeMethod(MethodInvocationHelper.java:84)
	at org.testng.internal.Invoker.invokeMethod(Invoker.java:714)
	at org.testng.internal.Invoker.invokeTestMethod(Invoker.java:901)
	at org.testng.internal.Invoker.invokeTestMethods(Invoker.java:1231)
	at org.testng.internal.TestMethodWorker.invokeTestMethods(TestMethodWorker.java:127)
	at org.testng.internal.TestMethodWorker.run(TestMethodWorker.java:111)
	at org.testng.TestRunner.privateRun(TestRunner.java:767)
	at org.testng.TestRunner.run(TestRunner.java:617)
	at org.testng.SuiteRunner.runTest(SuiteRunner.java:348)
	at org.testng.SuiteRunner.runSequentially(SuiteRunner.java:343)
	at org.testng.SuiteRunner.privateRun(SuiteRunner.java:305)
	at org.testng.SuiteRunner.run(SuiteRunner.java:254)
	at org.testng.SuiteRunnerWorker.runSuite(SuiteRunnerWorker.java:52)
	at org.testng.SuiteRunnerWorker.run(SuiteRunnerWorker.java:86)
	at org.testng.TestNG.runSuitesSequentially(TestNG.java:1224)
	at org.testng.TestNG.runSuitesLocally(TestNG.java:1149)
	at org.testng.TestNG.run(TestNG.java:1057)
	at org.testng.remote.AbstractRemoteTestNG.run(AbstractRemoteTestNG.java:115)
	at org.testng.remote.RemoteTestNG.initAndRun(RemoteTestNG.java:251)
	at org.testng.remote.RemoteTestNG.main(RemoteTestNG.java:77)
]]>
    </failure>
  </testcase> <!-- testLogin -->
  <testcase classname="testCases.HybridExecuteTest" name="testLogin" time="1.142"/>
  <testcase classname="testCases.HybridExecuteTest" name="testLogin" time="0.802"/>
  <testcase classname="testCases.HybridExecuteTest" name="testLogin" time="7.106"/>
  <testcase classname="testCases.HybridExecuteTest" name="testLogin" time="0.344"/>
  <testcase classname="testCases.HybridExecuteTest" name="testLogin" time="7.046"/>
  <testcase classname="testCases.HybridExecuteTest" name="testLogin" time="0.359"/>
  <testcase classname="testCases.HybridExecuteTest" name="testLogin" time="0.280"/>
  <testcase classname="testCases.HybridExecuteTest" name="testLogin" time="0.419"/>
</testsuite> <!-- testCases.HybridExecuteTest -->
